Hmm ... looks like a package
Converting parsed Rd's to LaTeX 
Creating pdf output from LaTeX ...

This is pdfTeX, Version 3.14159265-2.6-1.40.16 (TeX Live 2015) (preloaded format=pdflatex)
 restricted \write18 enabled.
entering extended mode
LaTeX2e <2015/01/01>
Babel <3.9l> and hyphenation patterns for 79 languages loaded.
(./Rd2.tex
(/usr/local/texlive/2015/texmf-dist/tex/latex/base/book.cls
Document Class: book 2014/09/29 v1.4h Standard LaTeX document class
(/usr/local/texlive/2015/texmf-dist/tex/latex/base/bk10.clo))
(/Library/Frameworks/R.framework/Resources/share/texmf/tex/latex/Rd.sty
(/usr/local/texlive/2015/texmf-dist/tex/latex/base/ifthen.sty)
(/usr/local/texlive/2015/texmf-dist/tex/latex/tools/longtable.sty)
(/usr/local/texlive/2015/texmf-dist/tex/latex/tools/bm.sty)
(/usr/local/texlive/2015/texmf-dist/tex/latex/base/alltt.sty)
(/usr/local/texlive/2015/texmf-dist/tex/latex/tools/verbatim.sty)
(/usr/local/texlive/2015/texmf-dist/tex/latex/url/url.sty)
(/usr/local/texlive/2015/texmf-dist/tex/latex/base/textcomp.sty
(/usr/local/texlive/2015/texmf-dist/tex/latex/base/ts1enc.def))
(/usr/local/texlive/2015/texmf-dist/tex/latex/amsmath/amsmath.sty
For additional information on amsmath, use the `?' option.
(/usr/local/texlive/2015/texmf-dist/tex/latex/amsmath/amstext.sty
(/usr/local/texlive/2015/texmf-dist/tex/latex/amsmath/amsgen.sty))
(/usr/local/texlive/2015/texmf-dist/tex/latex/amsmath/amsbsy.sty)
(/usr/local/texlive/2015/texmf-dist/tex/latex/amsmath/amsopn.sty))
(/usr/local/texlive/2015/texmf-dist/tex/latex/amsfonts/amsfonts.sty)
(/usr/local/texlive/2015/texmf-dist/tex/latex/amsfonts/amssymb.sty)
(/usr/local/texlive/2015/texmf-dist/tex/latex/jknapltx/mathrsfs.sty)
(/usr/local/texlive/2015/texmf-dist/tex/generic/iftex/iftex.sty)
(/usr/local/texlive/2015/texmf-dist/tex/latex/base/fontenc.sty
(/usr/local/texlive/2015/texmf-dist/tex/latex/base/t1enc.def))
(/usr/local/texlive/2015/texmf-dist/tex/latex/psnfss/times.sty)
(/usr/local/texlive/2015/texmf-dist/tex/latex/inconsolata/zi4.sty
`inconsolata-zi4' v1.05, 2014/06/22 Text macros for Inconsolata (msharpe)
(/usr/local/texlive/2015/texmf-dist/tex/latex/graphics/keyval.sty))
(/usr/local/texlive/2015/texmf-dist/tex/latex/graphics/color.sty
(/usr/local/texlive/2015/texmf-dist/tex/latex/latexconfig/color.cfg)
(/usr/local/texlive/2015/texmf-dist/tex/latex/pdftex-def/pdftex.def
(/usr/local/texlive/2015/texmf-dist/tex/generic/oberdiek/infwarerr.sty)
(/usr/local/texlive/2015/texmf-dist/tex/generic/oberdiek/ltxcmds.sty)))
(/usr/local/texlive/2015/texmf-dist/tex/latex/hyperref/hyperref.sty
(/usr/local/texlive/2015/texmf-dist/tex/generic/oberdiek/hobsub-hyperref.sty
(/usr/local/texlive/2015/texmf-dist/tex/generic/oberdiek/hobsub-generic.sty))
(/usr/local/texlive/2015/texmf-dist/tex/generic/ifxetex/ifxetex.sty)
(/usr/local/texlive/2015/texmf-dist/tex/latex/oberdiek/auxhook.sty)
(/usr/local/texlive/2015/texmf-dist/tex/latex/oberdiek/kvoptions.sty)
(/usr/local/texlive/2015/texmf-dist/tex/latex/hyperref/pd1enc.def)
(/usr/local/texlive/2015/texmf-dist/tex/latex/latexconfig/hyperref.cfg))

Package hyperref Message: Driver (autodetected): hpdftex.

(/usr/local/texlive/2015/texmf-dist/tex/latex/hyperref/hpdftex.def
(/usr/local/texlive/2015/texmf-dist/tex/latex/oberdiek/rerunfilecheck.sty))

Package hyperref Warning: Option `hyperindex' has already been used,
(hyperref)                setting the option has no effect on input line 394.


Package hyperref Warning: Option `pagebackref' has already been used,
(hyperref)                setting the option has no effect on input line 394.

) (/usr/local/texlive/2015/texmf-dist/tex/latex/base/makeidx.sty)
(/usr/local/texlive/2015/texmf-dist/tex/latex/base/inputenc.sty
(/usr/local/texlive/2015/texmf-dist/tex/latex/base/utf8.def
(/usr/local/texlive/2015/texmf-dist/tex/latex/base/t1enc.dfu)
(/usr/local/texlive/2015/texmf-dist/tex/latex/base/ot1enc.dfu)
(/usr/local/texlive/2015/texmf-dist/tex/latex/base/omsenc.dfu)
(/usr/local/texlive/2015/texmf-dist/tex/latex/base/ts1enc.dfu)))
Writing index file Rd2.idx
No file Rd2.aux.
(/usr/local/texlive/2015/texmf-dist/tex/latex/base/ts1cmr.fd)
(/usr/local/texlive/2015/texmf-dist/tex/latex/psnfss/t1ptm.fd)
(/usr/local/texlive/2015/texmf-dist/tex/context/base/supp-pdf.mkii
[Loading MPS to PDF converter (version 2006.09.02).]
) (/usr/local/texlive/2015/texmf-dist/tex/latex/hyperref/nameref.sty
(/usr/local/texlive/2015/texmf-dist/tex/generic/oberdiek/gettitlestring.sty))
(/usr/local/texlive/2015/texmf-dist/tex/latex/base/utf8.def)
(/usr/local/texlive/2015/texmf-dist/tex/latex/psnfss/ts1ptm.fd)
(/usr/local/texlive/2015/texmf-dist/tex/latex/inconsolata/t1zi4.fd)
(/usr/local/texlive/2015/texmf-dist/tex/latex/psnfss/t1phv.fd)
(/usr/local/texlive/2015/texmf-dist/tex/latex/base/utf8.def)
(/usr/local/texlive/2015/texmf-dist/tex/latex/amsfonts/umsa.fd)
(/usr/local/texlive/2015/texmf-dist/tex/latex/amsfonts/umsb.fd)
(/usr/local/texlive/2015/texmf-dist/tex/latex/jknapltx/ursfs.fd) [1{/usr/local/
texlive/2015/texmf-var/fonts/map/pdftex/updmap/pdftex.map}]
(/usr/local/texlive/2015/texmf-dist/tex/latex/base/utf8.def) [2]
(/usr/local/texlive/2015/texmf-dist/tex/latex/base/utf8.def) [3]
Overfull \hbox (10.63565pt too wide) in paragraph at lines 192--198
[]\T1/ptm/m/n/10 A [tib-ble][tibble::tibble] con-tain-ing com-bined sales and u
s-age met-rics. Columns are: `uni-fied_app_id`,
[4] (/usr/local/texlive/2015/texmf-dist/tex/latex/base/utf8.def)
(/usr/local/texlive/2015/texmf-dist/tex/latex/inconsolata/ts1zi4.fd)
(/usr/local/texlive/2015/texmf-dist/tex/latex/base/utf8.def) [5] [6]
Overfull \hbox (15.55716pt too wide) in paragraph at lines 365--367
[]\T1/ptm/m/n/10 Optional. Char-ac-ter string. Re-quired if `os` is 'uni-fied' 
and `cus-tom_fields_filter_id`
(/usr/local/texlive/2015/texmf-dist/tex/latex/base/utf8.def) [7] [8]
Overfull \hbox (15.55716pt too wide) in paragraph at lines 501--504
[]\T1/ptm/m/n/10 Optional. Char-ac-ter string. Re-quired if `os` is 'uni-fied' 
and `cus-tom_fields_filter_id`

Overfull \hbox (5.75548pt too wide) in paragraph at lines 520--524
[]\T1/ptm/m/n/10 A [tib-ble][tibble::tibble] (data frame) con-tain-ing the re-q
uested top app es-ti-mates. If `en-rich_response`
[9]
No file Rd2.ind.
[10]
(/private/var/folders/41/lwd5j_f16cj0mrsmnvwmh_9c0000gq/T/RtmpPTXXZB/Rd2pdfed91
5d1c5cb3/Rd2.aux)

Package rerunfilecheck Warning: File `Rd2.out' has changed.
(rerunfilecheck)                Rerun to get outlines right
(rerunfilecheck)                or use package `bookmark'.

 )
(see the transcript file for additional information){/usr/local/texlive/2015/te
xmf-dist/fonts/enc/dvips/inconsolata/i4-ts1.enc}{/usr/local/texlive/2015/texmf-
dist/fonts/enc/dvips/base/8r.enc}{/usr/local/texlive/2015/texmf-dist/fonts/enc/
dvips/inconsolata/i4-t1-0.enc}</usr/local/texlive/2015/texmf-dist/fonts/type1/p
ublic/inconsolata/Inconsolata-zi4r.pfb></usr/local/texlive/2015/texmf-dist/font
s/type1/urw/helvetic/uhvr8a.pfb></usr/local/texlive/2015/texmf-dist/fonts/type1
/urw/times/utmb8a.pfb></usr/local/texlive/2015/texmf-dist/fonts/type1/urw/times
/utmr8a.pfb></usr/local/texlive/2015/texmf-dist/fonts/type1/urw/times/utmr8a.pf
b></usr/local/texlive/2015/texmf-dist/fonts/type1/urw/times/utmri8a.pfb>
Output written on Rd2.pdf (10 pages, 89051 bytes).
Transcript written on Rd2.log.
This is makeindex, version 2.15 [TeX Live 2015] (kpathsea + Thai support).
Scanning input file Rd2.idx....done (6 entries accepted, 0 rejected).
Sorting entries....done (15 comparisons).
Generating output file Rd2.ind....done (10 lines written, 0 warnings).
Output written in Rd2.ind.
Transcript written in Rd2.ilg.
This is pdfTeX, Version 3.14159265-2.6-1.40.16 (TeX Live 2015) (preloaded format=pdflatex)
 restricted \write18 enabled.
entering extended mode
LaTeX2e <2015/01/01>
Babel <3.9l> and hyphenation patterns for 79 languages loaded.
(./Rd2.tex
(/usr/local/texlive/2015/texmf-dist/tex/latex/base/book.cls
Document Class: book 2014/09/29 v1.4h Standard LaTeX document class
(/usr/local/texlive/2015/texmf-dist/tex/latex/base/bk10.clo))
(/Library/Frameworks/R.framework/Resources/share/texmf/tex/latex/Rd.sty
(/usr/local/texlive/2015/texmf-dist/tex/latex/base/ifthen.sty)
(/usr/local/texlive/2015/texmf-dist/tex/latex/tools/longtable.sty)
(/usr/local/texlive/2015/texmf-dist/tex/latex/tools/bm.sty)
(/usr/local/texlive/2015/texmf-dist/tex/latex/base/alltt.sty)
(/usr/local/texlive/2015/texmf-dist/tex/latex/tools/verbatim.sty)
(/usr/local/texlive/2015/texmf-dist/tex/latex/url/url.sty)
(/usr/local/texlive/2015/texmf-dist/tex/latex/base/textcomp.sty
(/usr/local/texlive/2015/texmf-dist/tex/latex/base/ts1enc.def))
(/usr/local/texlive/2015/texmf-dist/tex/latex/amsmath/amsmath.sty
For additional information on amsmath, use the `?' option.
(/usr/local/texlive/2015/texmf-dist/tex/latex/amsmath/amstext.sty
(/usr/local/texlive/2015/texmf-dist/tex/latex/amsmath/amsgen.sty))
(/usr/local/texlive/2015/texmf-dist/tex/latex/amsmath/amsbsy.sty)
(/usr/local/texlive/2015/texmf-dist/tex/latex/amsmath/amsopn.sty))
(/usr/local/texlive/2015/texmf-dist/tex/latex/amsfonts/amsfonts.sty)
(/usr/local/texlive/2015/texmf-dist/tex/latex/amsfonts/amssymb.sty)
(/usr/local/texlive/2015/texmf-dist/tex/latex/jknapltx/mathrsfs.sty)
(/usr/local/texlive/2015/texmf-dist/tex/generic/iftex/iftex.sty)
(/usr/local/texlive/2015/texmf-dist/tex/latex/base/fontenc.sty
(/usr/local/texlive/2015/texmf-dist/tex/latex/base/t1enc.def))
(/usr/local/texlive/2015/texmf-dist/tex/latex/psnfss/times.sty)
(/usr/local/texlive/2015/texmf-dist/tex/latex/inconsolata/zi4.sty
`inconsolata-zi4' v1.05, 2014/06/22 Text macros for Inconsolata (msharpe)
(/usr/local/texlive/2015/texmf-dist/tex/latex/graphics/keyval.sty))
(/usr/local/texlive/2015/texmf-dist/tex/latex/graphics/color.sty
(/usr/local/texlive/2015/texmf-dist/tex/latex/latexconfig/color.cfg)
(/usr/local/texlive/2015/texmf-dist/tex/latex/pdftex-def/pdftex.def
(/usr/local/texlive/2015/texmf-dist/tex/generic/oberdiek/infwarerr.sty)
(/usr/local/texlive/2015/texmf-dist/tex/generic/oberdiek/ltxcmds.sty)))
(/usr/local/texlive/2015/texmf-dist/tex/latex/hyperref/hyperref.sty
(/usr/local/texlive/2015/texmf-dist/tex/generic/oberdiek/hobsub-hyperref.sty
(/usr/local/texlive/2015/texmf-dist/tex/generic/oberdiek/hobsub-generic.sty))
(/usr/local/texlive/2015/texmf-dist/tex/generic/ifxetex/ifxetex.sty)
(/usr/local/texlive/2015/texmf-dist/tex/latex/oberdiek/auxhook.sty)
(/usr/local/texlive/2015/texmf-dist/tex/latex/oberdiek/kvoptions.sty)
(/usr/local/texlive/2015/texmf-dist/tex/latex/hyperref/pd1enc.def)
(/usr/local/texlive/2015/texmf-dist/tex/latex/latexconfig/hyperref.cfg))

Package hyperref Message: Driver (autodetected): hpdftex.

(/usr/local/texlive/2015/texmf-dist/tex/latex/hyperref/hpdftex.def
(/usr/local/texlive/2015/texmf-dist/tex/latex/oberdiek/rerunfilecheck.sty))

Package hyperref Warning: Option `hyperindex' has already been used,
(hyperref)                setting the option has no effect on input line 394.


Package hyperref Warning: Option `pagebackref' has already been used,
(hyperref)                setting the option has no effect on input line 394.

) (/usr/local/texlive/2015/texmf-dist/tex/latex/base/makeidx.sty)
(/usr/local/texlive/2015/texmf-dist/tex/latex/base/inputenc.sty
(/usr/local/texlive/2015/texmf-dist/tex/latex/base/utf8.def
(/usr/local/texlive/2015/texmf-dist/tex/latex/base/t1enc.dfu)
(/usr/local/texlive/2015/texmf-dist/tex/latex/base/ot1enc.dfu)
(/usr/local/texlive/2015/texmf-dist/tex/latex/base/omsenc.dfu)
(/usr/local/texlive/2015/texmf-dist/tex/latex/base/ts1enc.dfu)))
Writing index file Rd2.idx

(/private/var/folders/41/lwd5j_f16cj0mrsmnvwmh_9c0000gq/T/RtmpPTXXZB/Rd2pdfed91
5d1c5cb3/Rd2.aux) (/usr/local/texlive/2015/texmf-dist/tex/latex/base/ts1cmr.fd)
(/usr/local/texlive/2015/texmf-dist/tex/latex/psnfss/t1ptm.fd)
(/usr/local/texlive/2015/texmf-dist/tex/context/base/supp-pdf.mkii
[Loading MPS to PDF converter (version 2006.09.02).]
) (/usr/local/texlive/2015/texmf-dist/tex/latex/hyperref/nameref.sty
(/usr/local/texlive/2015/texmf-dist/tex/generic/oberdiek/gettitlestring.sty))
(/private/var/folders/41/lwd5j_f16cj0mrsmnvwmh_9c0000gq/T/RtmpPTXXZB/Rd2pdfed91
5d1c5cb3/Rd2.out)
(/private/var/folders/41/lwd5j_f16cj0mrsmnvwmh_9c0000gq/T/RtmpPTXXZB/Rd2pdfed91
5d1c5cb3/Rd2.out) (/usr/local/texlive/2015/texmf-dist/tex/latex/base/utf8.def)
(/usr/local/texlive/2015/texmf-dist/tex/latex/psnfss/ts1ptm.fd)
(/usr/local/texlive/2015/texmf-dist/tex/latex/inconsolata/t1zi4.fd)
(/usr/local/texlive/2015/texmf-dist/tex/latex/psnfss/t1phv.fd)
(/private/var/folders/41/lwd5j_f16cj0mrsmnvwmh_9c0000gq/T/RtmpPTXXZB/Rd2pdfed91
5d1c5cb3/Rd2.toc (/usr/local/texlive/2015/texmf-dist/tex/latex/amsfonts/umsa.fd
) (/usr/local/texlive/2015/texmf-dist/tex/latex/amsfonts/umsb.fd)
(/usr/local/texlive/2015/texmf-dist/tex/latex/jknapltx/ursfs.fd))
(/usr/local/texlive/2015/texmf-dist/tex/latex/base/utf8.def) [1{/usr/local/texl
ive/2015/texmf-var/fonts/map/pdftex/updmap/pdftex.map}]
(/usr/local/texlive/2015/texmf-dist/tex/latex/base/utf8.def) [2]
(/usr/local/texlive/2015/texmf-dist/tex/latex/base/utf8.def) [3]
Overfull \hbox (10.63565pt too wide) in paragraph at lines 192--198
[]\T1/ptm/m/n/10 A [tib-ble][tibble::tibble] con-tain-ing com-bined sales and u
s-age met-rics. Columns are: `uni-fied_app_id`,
[4] (/usr/local/texlive/2015/texmf-dist/tex/latex/base/utf8.def)
(/usr/local/texlive/2015/texmf-dist/tex/latex/inconsolata/ts1zi4.fd)
(/usr/local/texlive/2015/texmf-dist/tex/latex/base/utf8.def) [5] [6]
Overfull \hbox (15.55716pt too wide) in paragraph at lines 365--367
[]\T1/ptm/m/n/10 Optional. Char-ac-ter string. Re-quired if `os` is 'uni-fied' 
and `cus-tom_fields_filter_id`
(/usr/local/texlive/2015/texmf-dist/tex/latex/base/utf8.def) [7] [8]
Overfull \hbox (15.55716pt too wide) in paragraph at lines 501--504
[]\T1/ptm/m/n/10 Optional. Char-ac-ter string. Re-quired if `os` is 'uni-fied' 
and `cus-tom_fields_filter_id`

Overfull \hbox (5.75548pt too wide) in paragraph at lines 520--524
[]\T1/ptm/m/n/10 A [tib-ble][tibble::tibble] (data frame) con-tain-ing the re-q
uested top app es-ti-mates. If `en-rich_response`
[9]
(/private/var/folders/41/lwd5j_f16cj0mrsmnvwmh_9c0000gq/T/RtmpPTXXZB/Rd2pdfed91
5d1c5cb3/Rd2.ind [10] [11])
(/private/var/folders/41/lwd5j_f16cj0mrsmnvwmh_9c0000gq/T/RtmpPTXXZB/Rd2pdfed91
5d1c5cb3/Rd2.aux)

Package rerunfilecheck Warning: File `Rd2.out' has changed.
(rerunfilecheck)                Rerun to get outlines right
(rerunfilecheck)                or use package `bookmark'.

 )
(see the transcript file for additional information){/usr/local/texlive/2015/te
xmf-dist/fonts/enc/dvips/inconsolata/i4-ts1.enc}{/usr/local/texlive/2015/texmf-
dist/fonts/enc/dvips/base/8r.enc}{/usr/local/texlive/2015/texmf-dist/fonts/enc/
dvips/inconsolata/i4-t1-0.enc}</usr/local/texlive/2015/texmf-dist/fonts/type1/p
ublic/inconsolata/Inconsolata-zi4r.pfb></usr/local/texlive/2015/texmf-dist/font
s/type1/urw/helvetic/uhvr8a.pfb></usr/local/texlive/2015/texmf-dist/fonts/type1
/urw/times/utmb8a.pfb></usr/local/texlive/2015/texmf-dist/fonts/type1/urw/times
/utmr8a.pfb></usr/local/texlive/2015/texmf-dist/fonts/type1/urw/times/utmr8a.pf
b></usr/local/texlive/2015/texmf-dist/fonts/type1/urw/times/utmri8a.pfb>
Output written on Rd2.pdf (11 pages, 90495 bytes).
Transcript written on Rd2.log.
This is makeindex, version 2.15 [TeX Live 2015] (kpathsea + Thai support).
Scanning input file Rd2.idx....done (6 entries accepted, 0 rejected).
Sorting entries....done (15 comparisons).
Generating output file Rd2.ind....done (10 lines written, 0 warnings).
Output written in Rd2.ind.
Transcript written in Rd2.ilg.
This is pdfTeX, Version 3.14159265-2.6-1.40.16 (TeX Live 2015) (preloaded format=pdflatex)
 restricted \write18 enabled.
entering extended mode
LaTeX2e <2015/01/01>
Babel <3.9l> and hyphenation patterns for 79 languages loaded.
(./Rd2.tex
(/usr/local/texlive/2015/texmf-dist/tex/latex/base/book.cls
Document Class: book 2014/09/29 v1.4h Standard LaTeX document class
(/usr/local/texlive/2015/texmf-dist/tex/latex/base/bk10.clo))
(/Library/Frameworks/R.framework/Resources/share/texmf/tex/latex/Rd.sty
(/usr/local/texlive/2015/texmf-dist/tex/latex/base/ifthen.sty)
(/usr/local/texlive/2015/texmf-dist/tex/latex/tools/longtable.sty)
(/usr/local/texlive/2015/texmf-dist/tex/latex/tools/bm.sty)
(/usr/local/texlive/2015/texmf-dist/tex/latex/base/alltt.sty)
(/usr/local/texlive/2015/texmf-dist/tex/latex/tools/verbatim.sty)
(/usr/local/texlive/2015/texmf-dist/tex/latex/url/url.sty)
(/usr/local/texlive/2015/texmf-dist/tex/latex/base/textcomp.sty
(/usr/local/texlive/2015/texmf-dist/tex/latex/base/ts1enc.def))
(/usr/local/texlive/2015/texmf-dist/tex/latex/amsmath/amsmath.sty
For additional information on amsmath, use the `?' option.
(/usr/local/texlive/2015/texmf-dist/tex/latex/amsmath/amstext.sty
(/usr/local/texlive/2015/texmf-dist/tex/latex/amsmath/amsgen.sty))
(/usr/local/texlive/2015/texmf-dist/tex/latex/amsmath/amsbsy.sty)
(/usr/local/texlive/2015/texmf-dist/tex/latex/amsmath/amsopn.sty))
(/usr/local/texlive/2015/texmf-dist/tex/latex/amsfonts/amsfonts.sty)
(/usr/local/texlive/2015/texmf-dist/tex/latex/amsfonts/amssymb.sty)
(/usr/local/texlive/2015/texmf-dist/tex/latex/jknapltx/mathrsfs.sty)
(/usr/local/texlive/2015/texmf-dist/tex/generic/iftex/iftex.sty)
(/usr/local/texlive/2015/texmf-dist/tex/latex/base/fontenc.sty
(/usr/local/texlive/2015/texmf-dist/tex/latex/base/t1enc.def))
(/usr/local/texlive/2015/texmf-dist/tex/latex/psnfss/times.sty)
(/usr/local/texlive/2015/texmf-dist/tex/latex/inconsolata/zi4.sty
`inconsolata-zi4' v1.05, 2014/06/22 Text macros for Inconsolata (msharpe)
(/usr/local/texlive/2015/texmf-dist/tex/latex/graphics/keyval.sty))
(/usr/local/texlive/2015/texmf-dist/tex/latex/graphics/color.sty
(/usr/local/texlive/2015/texmf-dist/tex/latex/latexconfig/color.cfg)
(/usr/local/texlive/2015/texmf-dist/tex/latex/pdftex-def/pdftex.def
(/usr/local/texlive/2015/texmf-dist/tex/generic/oberdiek/infwarerr.sty)
(/usr/local/texlive/2015/texmf-dist/tex/generic/oberdiek/ltxcmds.sty)))
(/usr/local/texlive/2015/texmf-dist/tex/latex/hyperref/hyperref.sty
(/usr/local/texlive/2015/texmf-dist/tex/generic/oberdiek/hobsub-hyperref.sty
(/usr/local/texlive/2015/texmf-dist/tex/generic/oberdiek/hobsub-generic.sty))
(/usr/local/texlive/2015/texmf-dist/tex/generic/ifxetex/ifxetex.sty)
(/usr/local/texlive/2015/texmf-dist/tex/latex/oberdiek/auxhook.sty)
(/usr/local/texlive/2015/texmf-dist/tex/latex/oberdiek/kvoptions.sty)
(/usr/local/texlive/2015/texmf-dist/tex/latex/hyperref/pd1enc.def)
(/usr/local/texlive/2015/texmf-dist/tex/latex/latexconfig/hyperref.cfg))

Package hyperref Message: Driver (autodetected): hpdftex.

(/usr/local/texlive/2015/texmf-dist/tex/latex/hyperref/hpdftex.def
(/usr/local/texlive/2015/texmf-dist/tex/latex/oberdiek/rerunfilecheck.sty))

Package hyperref Warning: Option `hyperindex' has already been used,
(hyperref)                setting the option has no effect on input line 394.


Package hyperref Warning: Option `pagebackref' has already been used,
(hyperref)                setting the option has no effect on input line 394.

) (/usr/local/texlive/2015/texmf-dist/tex/latex/base/makeidx.sty)
(/usr/local/texlive/2015/texmf-dist/tex/latex/base/inputenc.sty
(/usr/local/texlive/2015/texmf-dist/tex/latex/base/utf8.def
(/usr/local/texlive/2015/texmf-dist/tex/latex/base/t1enc.dfu)
(/usr/local/texlive/2015/texmf-dist/tex/latex/base/ot1enc.dfu)
(/usr/local/texlive/2015/texmf-dist/tex/latex/base/omsenc.dfu)
(/usr/local/texlive/2015/texmf-dist/tex/latex/base/ts1enc.dfu)))
Writing index file Rd2.idx

(/private/var/folders/41/lwd5j_f16cj0mrsmnvwmh_9c0000gq/T/RtmpPTXXZB/Rd2pdfed91
5d1c5cb3/Rd2.aux) (/usr/local/texlive/2015/texmf-dist/tex/latex/base/ts1cmr.fd)
(/usr/local/texlive/2015/texmf-dist/tex/latex/psnfss/t1ptm.fd)
(/usr/local/texlive/2015/texmf-dist/tex/context/base/supp-pdf.mkii
[Loading MPS to PDF converter (version 2006.09.02).]
) (/usr/local/texlive/2015/texmf-dist/tex/latex/hyperref/nameref.sty
(/usr/local/texlive/2015/texmf-dist/tex/generic/oberdiek/gettitlestring.sty))
(/private/var/folders/41/lwd5j_f16cj0mrsmnvwmh_9c0000gq/T/RtmpPTXXZB/Rd2pdfed91
5d1c5cb3/Rd2.out)
(/private/var/folders/41/lwd5j_f16cj0mrsmnvwmh_9c0000gq/T/RtmpPTXXZB/Rd2pdfed91
5d1c5cb3/Rd2.out) (/usr/local/texlive/2015/texmf-dist/tex/latex/base/utf8.def)
(/usr/local/texlive/2015/texmf-dist/tex/latex/psnfss/ts1ptm.fd)
(/usr/local/texlive/2015/texmf-dist/tex/latex/inconsolata/t1zi4.fd)
(/usr/local/texlive/2015/texmf-dist/tex/latex/psnfss/t1phv.fd)
(/private/var/folders/41/lwd5j_f16cj0mrsmnvwmh_9c0000gq/T/RtmpPTXXZB/Rd2pdfed91
5d1c5cb3/Rd2.toc (/usr/local/texlive/2015/texmf-dist/tex/latex/amsfonts/umsa.fd
) (/usr/local/texlive/2015/texmf-dist/tex/latex/amsfonts/umsb.fd)
(/usr/local/texlive/2015/texmf-dist/tex/latex/jknapltx/ursfs.fd))
(/usr/local/texlive/2015/texmf-dist/tex/latex/base/utf8.def) [1{/usr/local/texl
ive/2015/texmf-var/fonts/map/pdftex/updmap/pdftex.map}] [2]
(/usr/local/texlive/2015/texmf-dist/tex/latex/base/utf8.def)
(/usr/local/texlive/2015/texmf-dist/tex/latex/base/utf8.def) [3]
Overfull \hbox (10.63565pt too wide) in paragraph at lines 192--198
[]\T1/ptm/m/n/10 A [tib-ble][tibble::tibble] con-tain-ing com-bined sales and u
s-age met-rics. Columns are: `uni-fied_app_id`,
[4] (/usr/local/texlive/2015/texmf-dist/tex/latex/base/utf8.def) [5]
(/usr/local/texlive/2015/texmf-dist/tex/latex/inconsolata/ts1zi4.fd)
(/usr/local/texlive/2015/texmf-dist/tex/latex/base/utf8.def) [6]
Overfull \hbox (15.55716pt too wide) in paragraph at lines 365--367
[]\T1/ptm/m/n/10 Optional. Char-ac-ter string. Re-quired if `os` is 'uni-fied' 
and `cus-tom_fields_filter_id`
[7] (/usr/local/texlive/2015/texmf-dist/tex/latex/base/utf8.def) [8]
Overfull \hbox (15.55716pt too wide) in paragraph at lines 501--504
[]\T1/ptm/m/n/10 Optional. Char-ac-ter string. Re-quired if `os` is 'uni-fied' 
and `cus-tom_fields_filter_id`

Overfull \hbox (5.75548pt too wide) in paragraph at lines 520--524
[]\T1/ptm/m/n/10 A [tib-ble][tibble::tibble] (data frame) con-tain-ing the re-q
uested top app es-ti-mates. If `en-rich_response`
[9]
(/private/var/folders/41/lwd5j_f16cj0mrsmnvwmh_9c0000gq/T/RtmpPTXXZB/Rd2pdfed91
5d1c5cb3/Rd2.ind [10] [11])
(/private/var/folders/41/lwd5j_f16cj0mrsmnvwmh_9c0000gq/T/RtmpPTXXZB/Rd2pdfed91
5d1c5cb3/Rd2.aux) )
(see the transcript file for additional information){/usr/local/texlive/2015/te
xmf-dist/fonts/enc/dvips/inconsolata/i4-ts1.enc}{/usr/local/texlive/2015/texmf-
dist/fonts/enc/dvips/base/8r.enc}{/usr/local/texlive/2015/texmf-dist/fonts/enc/
dvips/inconsolata/i4-t1-0.enc}</usr/local/texlive/2015/texmf-dist/fonts/type1/p
ublic/inconsolata/Inconsolata-zi4r.pfb></usr/local/texlive/2015/texmf-dist/font
s/type1/urw/helvetic/uhvr8a.pfb></usr/local/texlive/2015/texmf-dist/fonts/type1
/urw/times/utmb8a.pfb></usr/local/texlive/2015/texmf-dist/fonts/type1/urw/times
/utmr8a.pfb></usr/local/texlive/2015/texmf-dist/fonts/type1/urw/times/utmr8a.pf
b></usr/local/texlive/2015/texmf-dist/fonts/type1/urw/times/utmri8a.pfb>
Output written on Rd2.pdf (11 pages, 90748 bytes).
Transcript written on Rd2.log.
This is makeindex, version 2.15 [TeX Live 2015] (kpathsea + Thai support).
Scanning input file Rd2.idx....done (6 entries accepted, 0 rejected).
Sorting entries....done (15 comparisons).
Generating output file Rd2.ind....done (10 lines written, 0 warnings).
Output written in Rd2.ind.
Transcript written in Rd2.ilg.
This is pdfTeX, Version 3.14159265-2.6-1.40.16 (TeX Live 2015) (preloaded format=pdflatex)
 restricted \write18 enabled.
entering extended mode
LaTeX2e <2015/01/01>
Babel <3.9l> and hyphenation patterns for 79 languages loaded.
(./Rd2.tex
(/usr/local/texlive/2015/texmf-dist/tex/latex/base/book.cls
Document Class: book 2014/09/29 v1.4h Standard LaTeX document class
(/usr/local/texlive/2015/texmf-dist/tex/latex/base/bk10.clo))
(/Library/Frameworks/R.framework/Resources/share/texmf/tex/latex/Rd.sty
(/usr/local/texlive/2015/texmf-dist/tex/latex/base/ifthen.sty)
(/usr/local/texlive/2015/texmf-dist/tex/latex/tools/longtable.sty)
(/usr/local/texlive/2015/texmf-dist/tex/latex/tools/bm.sty)
(/usr/local/texlive/2015/texmf-dist/tex/latex/base/alltt.sty)
(/usr/local/texlive/2015/texmf-dist/tex/latex/tools/verbatim.sty)
(/usr/local/texlive/2015/texmf-dist/tex/latex/url/url.sty)
(/usr/local/texlive/2015/texmf-dist/tex/latex/base/textcomp.sty
(/usr/local/texlive/2015/texmf-dist/tex/latex/base/ts1enc.def))
(/usr/local/texlive/2015/texmf-dist/tex/latex/amsmath/amsmath.sty
For additional information on amsmath, use the `?' option.
(/usr/local/texlive/2015/texmf-dist/tex/latex/amsmath/amstext.sty
(/usr/local/texlive/2015/texmf-dist/tex/latex/amsmath/amsgen.sty))
(/usr/local/texlive/2015/texmf-dist/tex/latex/amsmath/amsbsy.sty)
(/usr/local/texlive/2015/texmf-dist/tex/latex/amsmath/amsopn.sty))
(/usr/local/texlive/2015/texmf-dist/tex/latex/amsfonts/amsfonts.sty)
(/usr/local/texlive/2015/texmf-dist/tex/latex/amsfonts/amssymb.sty)
(/usr/local/texlive/2015/texmf-dist/tex/latex/jknapltx/mathrsfs.sty)
(/usr/local/texlive/2015/texmf-dist/tex/generic/iftex/iftex.sty)
(/usr/local/texlive/2015/texmf-dist/tex/latex/base/fontenc.sty
(/usr/local/texlive/2015/texmf-dist/tex/latex/base/t1enc.def))
(/usr/local/texlive/2015/texmf-dist/tex/latex/psnfss/times.sty)
(/usr/local/texlive/2015/texmf-dist/tex/latex/inconsolata/zi4.sty
`inconsolata-zi4' v1.05, 2014/06/22 Text macros for Inconsolata (msharpe)
(/usr/local/texlive/2015/texmf-dist/tex/latex/graphics/keyval.sty))
(/usr/local/texlive/2015/texmf-dist/tex/latex/graphics/color.sty
(/usr/local/texlive/2015/texmf-dist/tex/latex/latexconfig/color.cfg)
(/usr/local/texlive/2015/texmf-dist/tex/latex/pdftex-def/pdftex.def
(/usr/local/texlive/2015/texmf-dist/tex/generic/oberdiek/infwarerr.sty)
(/usr/local/texlive/2015/texmf-dist/tex/generic/oberdiek/ltxcmds.sty)))
(/usr/local/texlive/2015/texmf-dist/tex/latex/hyperref/hyperref.sty
(/usr/local/texlive/2015/texmf-dist/tex/generic/oberdiek/hobsub-hyperref.sty
(/usr/local/texlive/2015/texmf-dist/tex/generic/oberdiek/hobsub-generic.sty))
(/usr/local/texlive/2015/texmf-dist/tex/generic/ifxetex/ifxetex.sty)
(/usr/local/texlive/2015/texmf-dist/tex/latex/oberdiek/auxhook.sty)
(/usr/local/texlive/2015/texmf-dist/tex/latex/oberdiek/kvoptions.sty)
(/usr/local/texlive/2015/texmf-dist/tex/latex/hyperref/pd1enc.def)
(/usr/local/texlive/2015/texmf-dist/tex/latex/latexconfig/hyperref.cfg))

Package hyperref Message: Driver (autodetected): hpdftex.

(/usr/local/texlive/2015/texmf-dist/tex/latex/hyperref/hpdftex.def
(/usr/local/texlive/2015/texmf-dist/tex/latex/oberdiek/rerunfilecheck.sty))

Package hyperref Warning: Option `hyperindex' has already been used,
(hyperref)                setting the option has no effect on input line 394.


Package hyperref Warning: Option `pagebackref' has already been used,
(hyperref)                setting the option has no effect on input line 394.

) (/usr/local/texlive/2015/texmf-dist/tex/latex/base/makeidx.sty)
(/usr/local/texlive/2015/texmf-dist/tex/latex/base/inputenc.sty
(/usr/local/texlive/2015/texmf-dist/tex/latex/base/utf8.def
(/usr/local/texlive/2015/texmf-dist/tex/latex/base/t1enc.dfu)
(/usr/local/texlive/2015/texmf-dist/tex/latex/base/ot1enc.dfu)
(/usr/local/texlive/2015/texmf-dist/tex/latex/base/omsenc.dfu)
(/usr/local/texlive/2015/texmf-dist/tex/latex/base/ts1enc.dfu)))
Writing index file Rd2.idx

(/private/var/folders/41/lwd5j_f16cj0mrsmnvwmh_9c0000gq/T/RtmpPTXXZB/Rd2pdfed91
5d1c5cb3/Rd2.aux) (/usr/local/texlive/2015/texmf-dist/tex/latex/base/ts1cmr.fd)
(/usr/local/texlive/2015/texmf-dist/tex/latex/psnfss/t1ptm.fd)
(/usr/local/texlive/2015/texmf-dist/tex/context/base/supp-pdf.mkii
[Loading MPS to PDF converter (version 2006.09.02).]
) (/usr/local/texlive/2015/texmf-dist/tex/latex/hyperref/nameref.sty
(/usr/local/texlive/2015/texmf-dist/tex/generic/oberdiek/gettitlestring.sty))
(/private/var/folders/41/lwd5j_f16cj0mrsmnvwmh_9c0000gq/T/RtmpPTXXZB/Rd2pdfed91
5d1c5cb3/Rd2.out)
(/private/var/folders/41/lwd5j_f16cj0mrsmnvwmh_9c0000gq/T/RtmpPTXXZB/Rd2pdfed91
5d1c5cb3/Rd2.out) (/usr/local/texlive/2015/texmf-dist/tex/latex/base/utf8.def)
(/usr/local/texlive/2015/texmf-dist/tex/latex/psnfss/ts1ptm.fd)
(/usr/local/texlive/2015/texmf-dist/tex/latex/inconsolata/t1zi4.fd)
(/usr/local/texlive/2015/texmf-dist/tex/latex/psnfss/t1phv.fd)
(/private/var/folders/41/lwd5j_f16cj0mrsmnvwmh_9c0000gq/T/RtmpPTXXZB/Rd2pdfed91
5d1c5cb3/Rd2.toc (/usr/local/texlive/2015/texmf-dist/tex/latex/amsfonts/umsa.fd
) (/usr/local/texlive/2015/texmf-dist/tex/latex/amsfonts/umsb.fd)
(/usr/local/texlive/2015/texmf-dist/tex/latex/jknapltx/ursfs.fd))
(/usr/local/texlive/2015/texmf-dist/tex/latex/base/utf8.def) [1{/usr/local/texl
ive/2015/texmf-var/fonts/map/pdftex/updmap/pdftex.map}] [2]
(/usr/local/texlive/2015/texmf-dist/tex/latex/base/utf8.def)
(/usr/local/texlive/2015/texmf-dist/tex/latex/base/utf8.def) [3]
Overfull \hbox (10.63565pt too wide) in paragraph at lines 192--198
[]\T1/ptm/m/n/10 A [tib-ble][tibble::tibble] con-tain-ing com-bined sales and u
s-age met-rics. Columns are: `uni-fied_app_id`,
[4] (/usr/local/texlive/2015/texmf-dist/tex/latex/base/utf8.def) [5]
(/usr/local/texlive/2015/texmf-dist/tex/latex/inconsolata/ts1zi4.fd)
(/usr/local/texlive/2015/texmf-dist/tex/latex/base/utf8.def) [6]
Overfull \hbox (15.55716pt too wide) in paragraph at lines 365--367
[]\T1/ptm/m/n/10 Optional. Char-ac-ter string. Re-quired if `os` is 'uni-fied' 
and `cus-tom_fields_filter_id`
[7] (/usr/local/texlive/2015/texmf-dist/tex/latex/base/utf8.def) [8]
Overfull \hbox (15.55716pt too wide) in paragraph at lines 501--504
[]\T1/ptm/m/n/10 Optional. Char-ac-ter string. Re-quired if `os` is 'uni-fied' 
and `cus-tom_fields_filter_id`

Overfull \hbox (5.75548pt too wide) in paragraph at lines 520--524
[]\T1/ptm/m/n/10 A [tib-ble][tibble::tibble] (data frame) con-tain-ing the re-q
uested top app es-ti-mates. If `en-rich_response`
[9]
(/private/var/folders/41/lwd5j_f16cj0mrsmnvwmh_9c0000gq/T/RtmpPTXXZB/Rd2pdfed91
5d1c5cb3/Rd2.ind [10] [11])
(/private/var/folders/41/lwd5j_f16cj0mrsmnvwmh_9c0000gq/T/RtmpPTXXZB/Rd2pdfed91
5d1c5cb3/Rd2.aux) )
(see the transcript file for additional information){/usr/local/texlive/2015/te
xmf-dist/fonts/enc/dvips/inconsolata/i4-ts1.enc}{/usr/local/texlive/2015/texmf-
dist/fonts/enc/dvips/base/8r.enc}{/usr/local/texlive/2015/texmf-dist/fonts/enc/
dvips/inconsolata/i4-t1-0.enc}</usr/local/texlive/2015/texmf-dist/fonts/type1/p
ublic/inconsolata/Inconsolata-zi4r.pfb></usr/local/texlive/2015/texmf-dist/font
s/type1/urw/helvetic/uhvr8a.pfb></usr/local/texlive/2015/texmf-dist/fonts/type1
/urw/times/utmb8a.pfb></usr/local/texlive/2015/texmf-dist/fonts/type1/urw/times
/utmr8a.pfb></usr/local/texlive/2015/texmf-dist/fonts/type1/urw/times/utmr8a.pf
b></usr/local/texlive/2015/texmf-dist/fonts/type1/urw/times/utmri8a.pfb>
Output written on Rd2.pdf (11 pages, 90753 bytes).
Transcript written on Rd2.log.
Saving output to ‘sensortowerR-manual.pdf’ ...
Done
You may want to clean up by 'rm -Rf /var/folders/41/lwd5j_f16cj0mrsmnvwmh_9c0000gq/T//RtmpPTXXZB/Rd2pdfed915d1c5cb3'
